<?xml version="1.0" encoding="UTF-8"?>
<!-- Generated by org.testng.reporters.JUnitReportReporter -->
<testsuite skipped="0" hostname="DESKTOP-PEI2BF3" name="com.qa.crm.Tests.LoginTest" tests="3" failures="0" timestamp="2022-05-20T11:36:59 EDT" time="30.631" errors="0">
  <testcase name="loginTest" time="14.493" classname="com.qa.crm.Tests.LoginTest"/>
  <system-out/>
  <testcase name="verifyurlLoginTest" time="6.183" classname="com.qa.crm.Tests.LoginTest"/>
  <system-out/>
  <testcase name="verifyLoginTitleTest" time="9.955" classname="com.qa.crm.Tests.LoginTest"/>
  <system-out/>
</testsuite> <!-- com.qa.crm.Tests.LoginTest -->
