<?xml version="1.0" encoding="UTF-8"?>
<!-- Generated by org.testng.reporters.JUnitReportReporter -->
<testsuite skipped="0" hostname="DESKTOP-PEI2BF3" name="com.qa.crm.Tests.HomePageTest" tests="3" failures="0" timestamp="2022-05-20T11:36:59 EDT" time="27.397" errors="0">
  <testcase name="verifyhomePageTitleTest" time="8.357" classname="com.qa.crm.Tests.HomePageTest"/>
  <system-out/>
  <testcase name="clickOncontactslinkTes" time="9.808" classname="com.qa.crm.Tests.HomePageTest"/>
  <system-out/>
  <testcase name="clickOncalendarlinkTes" time="9.232" classname="com.qa.crm.Tests.HomePageTest"/>
  <system-out/>
</testsuite> <!-- com.qa.crm.Tests.HomePageTest -->
