<?xml version="1.0" encoding="UTF-8"?>
<!-- Generated by org.testng.reporters.JUnitReportReporter -->
<testsuite skipped="0" hostname="DESKTOP-PEI2BF3" name="com.qa.crm.Tests.ContactsPageTest" tests="5" failures="0" timestamp="2022-05-24T10:58:43 EDT" time="72.628" errors="0">
  <testcase name="createNewContactTest" time="17.275" classname="com.qa.crm.Tests.ContactsPageTest"/>
  <system-out/>
  <testcase name="createNewContactTest" time="17.671" classname="com.qa.crm.Tests.ContactsPageTest"/>
  <system-out/>
  <testcase name="verifycontactstextTest" time="8.815" classname="com.qa.crm.Tests.ContactsPageTest"/>
  <system-out/>
  <testcase name="createNewContactTest" time="17.397" classname="com.qa.crm.Tests.ContactsPageTest"/>
  <system-out/>
  <testcase name="clickonCreatelinkTest" time="11.470" classname="com.qa.crm.Tests.ContactsPageTest"/>
  <system-out/>
</testsuite> <!-- com.qa.crm.Tests.ContactsPageTest -->
